[18:47:30] [ServerMain/WARN]: resource-pack-id missing, using default of 7c64750a-9b88-3112-9efb-317dee395574
[18:47:30] [ServerMain/INFO]: Environment: Environment[sessionHost=https://sessionserver.mojang.com, servicesHost=https://api.minecraftservices.com, name=PROD]
[18:47:33] [ServerMain/INFO]: Loaded 1290 recipes
[18:47:33] [ServerMain/INFO]: Loaded 1399 advancements
[18:47:34] [Server thread/INFO]: Starting minecraft server version 1.21.1
[18:47:34] [Server thread/INFO]: Loading properties
[18:47:34] [Server thread/INFO]: Default game type: SURVIVAL
[18:47:34] [Server thread/INFO]: Generating keypair
[18:47:34] [Server thread/INFO]: Starting Minecraft server on *:25565
[18:47:35] [Server thread/INFO]: Using default channel type
[18:47:35] [Server thread/WARN]: **** SERVER IS RUNNING IN OFFLINE/INSECURE MODE!
[18:47:35] [Server thread/WARN]: The server will make no attempt to authenticate usernames. Beware.
[18:47:35] [Server thread/WARN]: While this makes the game possible to play without internet access, it also opens up the ability for hackers to connect with any username they choose.
[18:47:35] [Server thread/WARN]: To change this, set "online-mode" to "true" in the server.properties file.
[18:47:35] [Server thread/INFO]: Preparing level "world"
[18:47:37] [Server thread/INFO]: Preparing start region for dimension minecraft:overworld
[18:47:37] [Worker-Main-3/INFO]: Preparing spawn area: 0%
[18:47:37] [Worker-Main-3/INFO]: Preparing spawn area: 0%
[18:47:38] [Server thread/INFO]: Time elapsed: 759 ms
[18:47:38] [Server thread/INFO]: Done (2.991s)! For help, type "help"
[21:21:22] [Server thread/INFO]: William[/172.27.241.246:57636] logged in with entity id 165 at (157.353352623682, 68.0, 216.85516920000202)
[21:21:22] [Server thread/INFO]: William joined the game
[21:48:32] [Server thread/INFO]: William lost connection: Disconnected
[21:48:32] [Server thread/INFO]: William left the game
[21:50:31] [Server thread/INFO]: William[/172.27.241.246:57798] logged in with entity id 9628 at (100.15054214929245, 53.0, 82.98144992445964)
[21:50:31] [Server thread/INFO]: William joined the game
[22:10:50] [Server thread/INFO]: William lost connection: Disconnected
[22:10:50] [Server thread/INFO]: William left the game
